2025-03-30 21:20:25,800 - INFO [ENV 0] - Logger for ENV 0 initialized, log path: ./train/result/train_dodge3.log
2025-03-30 21:20:26,044 - INFO [ENV 0] - render txt name:./render_train/dodge3\env_0_shoot_imi.txt.acmi
2025-03-30 21:20:26,720 - INFO [ENV 0] - render txt name:./render_train/dodge3\env_0_shoot_imi.txt.acmi
2025-03-30 21:21:33,666 - INFO [ENV 0] - B0100 launch mission! Total Steps=421, obs=[ 1.4499586   0.39149112  0.92018189  0.01806437  0.99983683  1.04767183
 -0.03588814  0.01146472  0.77790528 -0.16442733 -0.05355411  0.15842151
  0.86354629  0.79433713  1.          0.          0.          0.
  0.          0.          0.        ], state=[ 1.19738289e+02  6.00136994e+01  7.24979300e+03  1.55691954e+03
 -1.46139337e+04  7.23292222e+03  2.21736733e+02 -2.78968115e+02
 -7.62457698e+00  1.19641673e+02  6.00660027e+01  7.19623889e+03
  7.41594085e+03 -1.99771240e+04  7.16076435e+03  2.96239774e+02
  3.39947059e+01  3.68642994e+01], current_reward=7.582582790476305
2025-03-30 21:21:41,657 - CRITICAL [ENV 0] - A0100 dodge succeeded! Total Steps=662
2025-03-30 21:21:53,088 - INFO [ENV 0] - render_result: {'enm_distance': 12009.83601189978, 'enm_angle': 109.18543089360027, 'enm_alt': 28966.445523039794, 'enm_speed': 661.5022775408218, 'enm_heading': 235.45338949331858, 'ego_alt': 23919.98646265699, 'ego_speed': 994.1760559521542, 'success': True, 'total_reward': 211.695395095636, 'total_steps': 662, 'state': {'my_lat': 119.76454489153102, 'my_lon': 60.18161639232059, 'my_alt': 7667.0193689517355, 'my_x': 20282.12540452635, 'my_y': -13081.947044289413, 'my_z': 7621.4709314628635, 'my_vx': 192.5258334259268, 'my_vy': 256.1046238668084, 'my_vz': -19.897957019785753, 'enemy_lat': 119.69763839939905, 'enemy_lon': 60.14283704044308, 'enemy_alt': 7624.6502672782035, 'enemy_x': 15971.399207683491, 'enemy_y': -16818.948996996933, 'enemy_z': 7582.600614852213, 'enemy_vx': 266.00857960999326, 'enemy_vy': 169.6353776260163, 'enemy_vz': -27.665798893872214}, 'obs': array([ 1.53340387,  0.41052511,  0.91184929,  0.1473226 ,  0.9890885 ,
        0.93867454, -0.02337866,  0.09896597,  0.67892747, -0.01226535,
       -0.0423691 ,  2.91886153,  2.96748671,  0.57051779,  1.        ,
        0.        ,  0.        ,  0.        ,  0.        ,  0.        ,
        0.        ])}
2025-03-30 21:21:53,110 - INFO [ENV 0] - render txt name:./render_train/dodge3\env_0_shoot_imi_1.txt.acmi
2025-03-30 21:22:03,474 - INFO [ENV 0] - B0100 launch mission! Total Steps=934, obs=[ 1.82288885  0.67741582  0.7356003  -0.08907658  0.99602478  1.04372003
 -0.02431005 -0.01864258  0.7071426  -0.15175951 -0.05385193  0.25998057
  0.11575062  0.60996872  1.          0.          0.          0.
  0.          0.          0.        ], state=[ 1.20411689e+02  6.00618420e+01  9.11444425e+03  6.97126647e+03
  2.29618226e+04  9.06947340e+03 -2.97710839e+02  1.92219365e+02
  2.13892261e+01  1.20445675e+02  6.00098849e+01  9.06059232e+03
  1.18672277e+03  2.48962332e+04  9.01208311e+03 -2.96855916e+02
  6.24332623e+01 -2.17045700e-01], current_reward=12.820826238583095
2025-03-30 21:22:04,447 - CRITICAL [ENV 0] - A0100 step limits! Total Steps=1000
2025-03-30 21:22:04,448 - CRITICAL [ENV 0] - B0100 step limits! Total Steps=1000
2025-03-30 21:22:04,449 - INFO [ENV 0] - render_result: {'enm_distance': 16314.340012105706, 'enm_angle': 125.56553359629729, 'enm_alt': 15407.832346845302, 'enm_speed': 751.9308578366829, 'enm_heading': 126.70914609507707, 'ego_alt': 27752.107573079345, 'ego_speed': 852.2744779695108, 'success': False, 'total_reward': 11.238334535972188, 'total_steps': 1000, 'state': None, 'obs': None}
2025-03-30 21:22:04,471 - INFO [ENV 0] - render txt name:./render_train/dodge3\env_0_shoot_imi_2.txt.acmi
2025-03-30 21:22:06,795 - INFO [ENV 0] - B0100 launch mission! Total Steps=212, obs=[ 1.5677371   0.02320179  0.9997308  -0.11857411  0.99294521  0.76922088
 -0.0227656  -0.02141917  0.53656161 -0.08030613 -0.23660949  0.40629196
  0.66293455  0.5303316   1.          0.          0.          0.
  0.          0.          0.        ], state=[  119.86896102    59.97056574  7838.68547994 -3276.10100434
 -7327.43493333  7833.65253385   180.79277165  -187.80413153
    23.60377442   119.83001843    60.01387031  7602.07599169
  1559.35847495 -9492.25932296  7594.84845396   116.32301243
  -201.30678349    42.67040026], current_reward=0.5534727718454793
